2023-09-07 22:20:22 error: GET /api/v1/projects 500 - 7.335 ms - message: -
2023-09-07 22:22:34 error: GET /api/v1/projects 500 - 6.549 ms - message: -
2023-09-07 22:23:18 error: GET /api/v1/projects 500 - 3.510 ms - message: -
2023-09-07 22:25:23 error: GET /api/v1/projects 500 - 1.315 ms - message: -
2023-09-07 23:03:22 error: uncaughtException: тип Unable to compile TypeScript:
[96msrc/controllers/project.controller.ts[0m:[93m8[0m:[93m47[0m - [91merror[0m[90m TS2554: [0mExpected 0 arguments, but got 1.

[7m8[0m     const projects = await getProjectsService(req.params);
[7m [0m [91m                                              ~~~~~~~~~~[0m

TSError: тип Unable to compile TypeScript:
[96msrc/controllers/project.controller.ts[0m:[93m8[0m:[93m47[0m - [91merror[0m[90m TS2554: [0mExpected 0 arguments, but got 1.

[7m8[0m     const projects = await getProjectsService(req.params);
[7m [0m [91m                                              ~~~~~~~~~~[0m

    at createTSError (D:\nextjs\server-portfolio\node_modules\ts-node\src\index.ts:859:12)
    at reportTSError (D:\nextjs\server-portfolio\node_modules\ts-node\src\index.ts:863:19)
    at getOutput (D:\nextjs\server-portfolio\node_modules\ts-node\src\index.ts:1077:36)
    at Object.compile (D:\nextjs\server-portfolio\node_modules\ts-node\src\index.ts:1433:41)
    at Module.m._compile (D:\nextjs\server-portfolio\node_modules\ts-node\src\index.ts:1617:30)
    at Module._extensions..js (node:internal/modules/cjs/loader:1159:10)
    at Object.require.extensions.<computed> [as .ts] (D:\nextjs\server-portfolio\node_modules\ts-node\src\index.ts:1621:12)
    at Module.load (node:internal/modules/cjs/loader:981:32)
    at Function.Module._load (node:internal/modules/cjs/loader:822:12)
    at Module.require (node:internal/modules/cjs/loader:1005:19)
2023-09-07 23:14:58 error: uncaughtException: тип Unable to compile TypeScript:
[96msrc/controllers/project.controller.ts[0m:[93m16[0m:[93m17[0m - [91merror[0m[90m TS2339: [0mProperty 'user' does not exist on type 'Request<ParamsDictionary, any, any, ParsedQs, Record<string, any>>'.

[7m16[0m       user: req.user,
[7m  [0m [91m                ~~~~[0m

TSError: тип Unable to compile TypeScript:
[96msrc/controllers/project.controller.ts[0m:[93m16[0m:[93m17[0m - [91merror[0m[90m TS2339: [0mProperty 'user' does not exist on type 'Request<ParamsDictionary, any, any, ParsedQs, Record<string, any>>'.

[7m16[0m       user: req.user,
[7m  [0m [91m                ~~~~[0m

    at createTSError (D:\nextjs\server-portfolio\node_modules\ts-node\src\index.ts:859:12)
    at reportTSError (D:\nextjs\server-portfolio\node_modules\ts-node\src\index.ts:863:19)
    at getOutput (D:\nextjs\server-portfolio\node_modules\ts-node\src\index.ts:1077:36)
    at Object.compile (D:\nextjs\server-portfolio\node_modules\ts-node\src\index.ts:1433:41)
    at Module.m._compile (D:\nextjs\server-portfolio\node_modules\ts-node\src\index.ts:1617:30)
    at Module._extensions..js (node:internal/modules/cjs/loader:1159:10)
    at Object.require.extensions.<computed> [as .ts] (D:\nextjs\server-portfolio\node_modules\ts-node\src\index.ts:1621:12)
    at Module.load (node:internal/modules/cjs/loader:981:32)
    at Function.Module._load (node:internal/modules/cjs/loader:822:12)
    at Module.require (node:internal/modules/cjs/loader:1005:19)
2023-09-07 23:15:41 error: uncaughtException: тип Unable to compile TypeScript:
[96msrc/controllers/project.controller.ts[0m:[93m10[0m:[93m29[0m - [91merror[0m[90m TS2339: [0mProperty 'user' does not exist on type 'Request<ParamsDictionary, any, any, ParsedQs, Record<string, any>>'.

[7m10[0m     console.log('user', req.user);
[7m  [0m [91m                            ~~~~[0m

TSError: тип Unable to compile TypeScript:
[96msrc/controllers/project.controller.ts[0m:[93m10[0m:[93m29[0m - [91merror[0m[90m TS2339: [0mProperty 'user' does not exist on type 'Request<ParamsDictionary, any, any, ParsedQs, Record<string, any>>'.

[7m10[0m     console.log('user', req.user);
[7m  [0m [91m                            ~~~~[0m

    at createTSError (D:\nextjs\server-portfolio\node_modules\ts-node\src\index.ts:859:12)
    at reportTSError (D:\nextjs\server-portfolio\node_modules\ts-node\src\index.ts:863:19)
    at getOutput (D:\nextjs\server-portfolio\node_modules\ts-node\src\index.ts:1077:36)
    at Object.compile (D:\nextjs\server-portfolio\node_modules\ts-node\src\index.ts:1433:41)
    at Module.m._compile (D:\nextjs\server-portfolio\node_modules\ts-node\src\index.ts:1617:30)
    at Module._extensions..js (node:internal/modules/cjs/loader:1159:10)
    at Object.require.extensions.<computed> [as .ts] (D:\nextjs\server-portfolio\node_modules\ts-node\src\index.ts:1621:12)
    at Module.load (node:internal/modules/cjs/loader:981:32)
    at Function.Module._load (node:internal/modules/cjs/loader:822:12)
    at Module.require (node:internal/modules/cjs/loader:1005:19)
